<?xml version="1.0" encoding="UTF-8"?>
<!-- Generated by org.testng.reporters.JUnitReportReporter -->
<testsuite hostname="LAPTOP-NBCD1KMT" failures="0" tests="1" name="PageObjectModel.PageObjectMain" time="12.287" errors="0" timestamp="2023-04-20T03:01:35 IST" skipped="0">
  <testcase classname="PageObjectModel.PageObjectMain" name="verifyreg" time="12.287"/>
  <system-out/>
</testsuite> <!-- PageObjectModel.PageObjectMain -->
