<?xml version="1.0" encoding="UTF-8"?>
<!-- Generated by org.testng.reporters.JUnitReportReporter -->
<testsuite hostname="LAPTOP-NBCD1KMT" failures="0" tests="1" name="PageObject.PageObjMain" time="13.207" errors="0" timestamp="2023-04-20T03:09:39 IST" skipped="0">
  <testcase classname="PageObject.PageObjMain" name="verifyreg" time="13.207"/>
  <system-out/>
</testsuite> <!-- PageObject.PageObjMain -->
